Method: GET
Header: map[Accept:[*/*] Accept-Encoding:[gzip, deflate, br] Authorization:[Basic YWRtaW46YWRtaW4=] Cache-Control:[no-cache] Connection:[keep-alive] Content-Length:[2] Content-Type:[application/json] Postman-Token:[91eb6dd0-e6ac-4a1f-9ebf-820c008ef053] User-Agent:[PostmanRuntime/7.39.0]]
Path: /
Body: {}
TimeStamp: 2024-06-25 18:12:11.6181403 +0300 MSK m=+20.961658001

Method: GET
Header: map[Accept:[*/*] Accept-Encoding:[gzip, deflate, br] Authorization:[Basic YWRtaW46YWRtaW4=] Cache-Control:[no-cache] Connection:[keep-alive] Content-Length:[2] Content-Type:[application/json] Postman-Token:[615e9898-3718-4042-920c-9e004f4a8620] User-Agent:[PostmanRuntime/7.39.0]]
Path: /
Body: {}
TimeStamp: 2024-06-25 18:12:12.2491269 +0300 MSK m=+21.592644601

Method: GET
Header: map[Accept:[*/*] Accept-Encoding:[gzip, deflate, br] Authorization:[Basic YWRtaW46YWRtaW4=] Cache-Control:[no-cache] Connection:[keep-alive] Content-Length:[2] Content-Type:[application/json] Postman-Token:[e7d5b1f3-e8f6-4ef3-9273-cd6abdb18bfd] User-Agent:[PostmanRuntime/7.39.0]]
Path: /
Body: {}
TimeStamp: 2024-06-25 18:12:12.8907276 +0300 MSK m=+22.234245301

Method: GET
Header: map[Accept:[*/*] Accept-Encoding:[gzip, deflate, br] Authorization:[Basic YWRtaW46YWRtaW4=] Cache-Control:[no-cache] Connection:[keep-alive] Content-Length:[2] Content-Type:[application/json] Postman-Token:[ad3961a3-722e-43d7-910c-0b9ea44ec063] User-Agent:[PostmanRuntime/7.39.0]]
Path: /2
Body: {}
TimeStamp: 2024-06-25 18:12:18.1981367 +0300 MSK m=+27.541654401

Method: GET
Header: map[Accept:[*/*] Accept-Encoding:[gzip, deflate, br] Authorization:[Basic YWRtaW46YWRtaW4=] Cache-Control:[no-cache] Connection:[keep-alive] Content-Length:[2] Content-Type:[application/json] Postman-Token:[c971aa57-3203-4bc6-bf7e-89e52457f7ab] User-Agent:[PostmanRuntime/7.39.0]]
Path: /3
Body: {}
TimeStamp: 2024-06-25 18:12:19.7128409 +0300 MSK m=+29.056358601

Method: GET
Header: map[Accept:[*/*] Accept-Encoding:[gzip, deflate, br] Authorization:[Basic YWRtaW46YWRtaW4=] Cache-Control:[no-cache] Connection:[keep-alive] Content-Length:[2] Content-Type:[application/json] Postman-Token:[d51a411e-8dfc-4de9-be10-802620bd4cfa] User-Agent:[PostmanRuntime/7.39.0]]
Path: /3/info
Body: {}
TimeStamp: 2024-06-25 18:12:22.7539586 +0300 MSK m=+32.097476301

Method: GET
Header: map[Accept:[*/*] Accept-Encoding:[gzip, deflate, br] Authorization:[Basic YWRtaW46YWRtaW4=] Cache-Control:[no-cache] Connection:[keep-alive] Content-Length:[2] Content-Type:[application/json] Postman-Token:[1eef282f-fe3c-426e-95ca-ed3e496662a7] User-Agent:[PostmanRuntime/7.39.0]]
Path: /4/info
Body: {}
TimeStamp: 2024-06-25 18:12:26.5835024 +0300 MSK m=+35.927020101

Method: POST
Header: map[Accept:[*/*] Accept-Encoding:[gzip, deflate, br] Authorization:[Basic YWRtaW46YWRtaW4=] Cache-Control:[no-cache] Connection:[keep-alive] Content-Length:[2] Content-Type:[application/json] Postman-Token:[7820cb40-8fe5-43a5-897b-e533f30e0232] User-Agent:[PostmanRuntime/7.39.0]]
Path: /
Body: {}
TimeStamp: 2024-06-25 18:12:51.9745372 +0300 MSK m=+61.318054901

Method: PUT
Header: map[Accept:[*/*] Accept-Encoding:[gzip, deflate, br] Authorization:[Basic YWRtaW46YWRtaW4=] Cache-Control:[no-cache] Connection:[keep-alive] Content-Length:[16] Content-Type:[application/json] Postman-Token:[859c6cf6-53d4-4b6a-9d08-c35647930b76] User-Agent:[PostmanRuntime/7.39.0]]
Path: /6/
Body: {"name": "name"}
TimeStamp: 2024-06-25 18:13:10.5676099 +0300 MSK m=+79.911127601

Method: PUT
Header: map[Accept:[*/*] Accept-Encoding:[gzip, deflate, br] Authorization:[Basic YWRtaW46YWRtaW4=] Cache-Control:[no-cache] Connection:[keep-alive] Content-Length:[16] Content-Type:[application/json] Postman-Token:[8ffeb254-cf94-45a2-a72d-be3e1846e73d] User-Agent:[PostmanRuntime/7.39.0]]
Path: /6
Body: {"name": "name"}
TimeStamp: 2024-06-25 18:13:14.8934377 +0300 MSK m=+84.236955401

Method: DELETE
Header: map[Accept:[*/*] Accept-Encoding:[gzip, deflate, br] Authorization:[Basic YWRtaW46YWRtaW4=] Cache-Control:[no-cache] Connection:[keep-alive] Content-Length:[2] Content-Type:[application/json] Postman-Token:[3ec06906-6e21-4a8c-a4da-45d24a48f31e] User-Agent:[PostmanRuntime/7.39.0]]
Path: /6
Body: {}
TimeStamp: 2024-06-25 18:13:30.2100082 +0300 MSK m=+99.553525901

Method: GET
Header: map[Accept:[*/*] Accept-Encoding:[gzip, deflate, br] Authorization:[Basic YWRtaW46YWRtaW4=] Cache-Control:[no-cache] Connection:[keep-alive] Content-Length:[2] Content-Type:[application/json] Postman-Token:[ec922bb1-e162-4a7f-9389-0ebf185a03ce] User-Agent:[PostmanRuntime/7.39.0]]
Path: /
Body: {}
TimeStamp: 2024-06-25 18:13:39.103096 +0300 MSK m=+108.446613701

